Using pre-set license
Built from '2020.3/release' branch; Version is '2020.3.1f1 (77a89f25062f) revision 7841951'; Using compiler version '192528614'; Build Type 'Release'
OS: 'Windows 10 Pro; OS build 19042.985; Version 2009; 64bit' Language: 'en' Physical Memory: 32691 MB
BatchMode: 1, IsHumanControllingUs: 0, StartBugReporterOnCrash: 0, Is64bit: 1, IsPro: 0

 COMMAND LINE ARGUMENTS:
C:\Program Files\Unity\Hub\Editor\2020.3.1f1\Editor\Unity.exe
-adb2
-batchMode
-noUpm
-name
AssetImportWorker0
-projectPath
C:/Users/matts/Documents/Dev/Unity/USC/Book of Hours
-logFile
Logs/AssetImportWorker0.log
-srvPort
56659
Successfully changed project path to: C:/Users/matts/Documents/Dev/Unity/USC/Book of Hours
C:/Users/matts/Documents/Dev/Unity/USC/Book of Hours
Using Asset Import Pipeline V2.
Refreshing native plugins compatible for Editor in 93.09 ms, found 8 plugins.
Preloading 1 native plugins for Editor in 0.73 ms.
Initialize engine version: 2020.3.1f1 (77a89f25062f)
[Subsystems] Discovering subsystems at path C:/Program Files/Unity/Hub/Editor/2020.3.1f1/Editor/Data/Resources/UnitySubsystems
[Subsystems] Discovering subsystems at path C:/Users/matts/Documents/Dev/Unity/USC/Book of Hours/Assets
GfxDevice: creating device client; threaded=0
Direct3D:
    Version:  Direct3D 11.0 [level 11.1]
    Renderer: NVIDIA GeForce GTX 980 (ID=0x13c0)
    Vendor:   
    VRAM:     4053 MB
    Driver:   27.21.14.6611
Shader 'Oculus/OVRMRCameraFrameLit': fallback shader 'Alpha-Diffuse' not found
Shader 'Universal Render Pipeline/Particles/Lit': fallback shader 'Universal Render Pipeline/Particles/SimpleLit' not found
Initialize mono
Mono path[0] = 'C:/Program Files/Unity/Hub/Editor/2020.3.1f1/Editor/Data/Managed'
Mono path[1] = 'C:/Program Files/Unity/Hub/Editor/2020.3.1f1/Editor/Data/MonoBleedingEdge/lib/mono/unityjit'
Mono config path = 'C:/Program Files/Unity/Hub/Editor/2020.3.1f1/Editor/Data/MonoBleedingEdge/etc'
Using monoOptions --debugger-agent=transport=dt_socket,embedding=1,server=y,suspend=n,address=127.0.0.1:56460
Begin MonoManager ReloadAssembly
Registering precompiled unity dll's ...
Register platform support module: C:/Program Files/Unity/Hub/Editor/2020.3.1f1/Editor/Data/PlaybackEngines/WindowsStandaloneSupport/UnityEditor.WindowsStandalone.Extensions.dll
Registered in 0.001722 seconds.
Native extension for WindowsStandalone target not found
Refreshing native plugins compatible for Editor in 83.42 ms, found 8 plugins.
Preloading 1 native plugins for Editor in 0.06 ms.
Invoked RoslynAnalysisRunner static constructor.
RoslynAnalysisRunner will not be running.
RoslynAnalysisRunner has terminated.
Mono: successfully reloaded assembly
- Completed reload, in  1.554 seconds
Platform modules already initialized, skipping
Registering precompiled user dll's ...
Registered in 0.003960 seconds.
Begin MonoManager ReloadAssembly
Native extension for WindowsStandalone target not found
Refreshing native plugins compatible for Editor in 77.98 ms, found 8 plugins.
Preloading 1 native plugins for Editor in 0.07 ms.
Invoked RoslynAnalysisRunner static constructor.
RoslynAnalysisRunner will not be running.
RoslynAnalysisRunner has terminated.
[XR] OculusXRPlugin: registering subsystems
[XR] Unable to register display lifecyle provider: [1]
[XR] Oculus Input lifecycle provider registered.
[XR] Unable to register input lifecyle provider: [1]
[XR] OVRP version 1.57.0
Mono: successfully reloaded assembly
- Completed reload, in  0.983 seconds
Platform modules already initialized, skipping
========================================================================
Worker process is ready to serve import requests
Shader 'Universal Render Pipeline/Particles/Lit': fallback shader 'Universal Render Pipeline/Particles/SimpleLit' not found
Shader 'Oculus/OVRMRCameraFrameLit': fallback shader 'Alpha-Diffuse' not found
Launched and connected shader compiler UnityShaderCompiler.exe after 0.03 seconds
Refreshing native plugins compatible for Editor in 1.61 ms, found 8 plugins.
Preloading 1 native plugins for Editor in 0.16 ms.
Unloading 3775 Unused Serialized files (Serialized files now loaded: 0)
System memory in use before: 172.7 MB.
System memory in use after: 172.8 MB.

Unloading 58 unused Assets to reduce memory usage. Loaded Objects now: 4189.
Total: 2.455200 ms (FindLiveObjects: 0.332100 ms CreateObjectMapping: 0.153300 ms MarkObjects: 1.802400 ms  DeleteObjects: 0.166500 ms)

========================================================================
Received Import Request.
  path: ProjectSettings/TagManager.asset
  artifactKey: Guid(00000000000000003000000000000000) Importer(815301076,1909f56bfc062723c751e8b465ee728b)
Start importing ProjectSettings/TagManager.asset using Guid(00000000000000003000000000000000) Importer(815301076,1909f56bfc062723c751e8b465ee728b)  -> (artifact id: '24a7c2f395677135aa2578d769b90d1a') in 0.030417 seconds
  Import took 0.037858 seconds .

========================================================================
Received Prepare
Shader 'Universal Render Pipeline/Particles/Lit': fallback shader 'Universal Render Pipeline/Particles/SimpleLit' not found
Shader 'Oculus/OVRMRCameraFrameLit': fallback shader 'Alpha-Diffuse' not found
Refreshing native plugins compatible for Editor in 13.49 ms, found 8 plugins.
Preloading 1 native plugins for Editor in 0.06 ms.
Unloading 50 Unused Serialized files (Serialized files now loaded: 0)
System memory in use before: 88.4 MB.
System memory in use after: 88.6 MB.

Unloading 51 unused Assets to reduce memory usage. Loaded Objects now: 4189.
Total: 3.265200 ms (FindLiveObjects: 0.334500 ms CreateObjectMapping: 0.142000 ms MarkObjects: 2.655300 ms  DeleteObjects: 0.132500 ms)

========================================================================
Received Prepare
Registering precompiled user dll's ...
Registered in 0.003857 seconds.
Begin MonoManager ReloadAssembly
Native extension for WindowsStandalone target not found
Refreshing native plugins compatible for Editor in 1.15 ms, found 8 plugins.
Preloading 1 native plugins for Editor in 0.08 ms.
Invoked RoslynAnalysisRunner static constructor.
RoslynAnalysisRunner will not be running.
RoslynAnalysisRunner has terminated.
Mono: successfully reloaded assembly
- Completed reload, in  0.880 seconds
Platform modules already initialized, skipping
Switching build target platform(5) subTarget(0) extendedPlatform(0) -> platform(13) subTarget(524294) extendedPlatform(0)
Shader 'Universal Render Pipeline/Particles/Lit': fallback shader 'Universal Render Pipeline/Particles/SimpleLit' not found
Shader 'Oculus/OVRMRCameraFrameLit': fallback shader 'Alpha-Diffuse' not found
Refreshing native plugins compatible for Editor in 1.12 ms, found 8 plugins.
Preloading 1 native plugins for Editor in 0.06 ms.
Unloading 3588 Unused Serialized files (Serialized files now loaded: 0)
System memory in use before: 154.7 MB.
System memory in use after: 154.9 MB.

Unloading 53 unused Assets to reduce memory usage. Loaded Objects now: 4194.
Total: 2.703900 ms (FindLiveObjects: 0.507100 ms CreateObjectMapping: 0.168600 ms MarkObjects: 1.899100 ms  DeleteObjects: 0.128100 ms)

AssetImportParameters requested are different than current active one (requested -> active):
  custom:graphics/normal-map-encoding: 01000000000000000000000000000000 -> 02000000000000000000000000000000
========================================================================
Received Prepare
Registering precompiled user dll's ...
Registered in 0.003904 seconds.
Begin MonoManager ReloadAssembly
Native extension for WindowsStandalone target not found
Refreshing native plugins compatible for Editor in 1.13 ms, found 8 plugins.
Preloading 1 native plugins for Editor in 0.07 ms.
Invoked RoslynAnalysisRunner static constructor.
RoslynAnalysisRunner will not be running.
RoslynAnalysisRunner has terminated.
Mono: successfully reloaded assembly
- Completed reload, in  0.905 seconds
Platform modules already initialized, skipping
Switching build target platform(5) subTarget(0) extendedPlatform(0) -> platform(13) subTarget(524294) extendedPlatform(0)
Shader 'Universal Render Pipeline/Particles/Lit': fallback shader 'Universal Render Pipeline/Particles/SimpleLit' not found
Shader 'Oculus/OVRMRCameraFrameLit': fallback shader 'Alpha-Diffuse' not found
Refreshing native plugins compatible for Editor in 1.09 ms, found 8 plugins.
Preloading 1 native plugins for Editor in 0.06 ms.
Unloading 3589 Unused Serialized files (Serialized files now loaded: 0)
System memory in use before: 154.8 MB.
System memory in use after: 154.9 MB.

Unloading 53 unused Assets to reduce memory usage. Loaded Objects now: 4199.
Total: 2.477200 ms (FindLiveObjects: 0.312700 ms CreateObjectMapping: 0.136000 ms MarkObjects: 1.904900 ms  DeleteObjects: 0.122800 ms)

AssetImportParameters requested are different than current active one (requested -> active):
  custom:graphics/normal-map-encoding: 01000000000000000000000000000000 -> 02000000000000000000000000000000
========================================================================
Received Import Request.
  Time since last request: 1914.715473 seconds.
  path: Assets/Scripts/ControlPanel.cs
  artifactKey: Guid(5b62fad76360fb04fb2680d0615254db) Importer(815301076,1909f56bfc062723c751e8b465ee728b)
Start importing Assets/Scripts/ControlPanel.cs using Guid(5b62fad76360fb04fb2680d0615254db) Importer(815301076,1909f56bfc062723c751e8b465ee728b)  -> (artifact id: '5ffb1d4626f3b165bb9065a73466d796') in 0.017403 seconds
  Import took 0.024347 seconds .

========================================================================
Received Import Request.
  Time since last request: 0.000938 seconds.
  path: Assets/Scripts/ControlPanel.cs
  artifactKey: Guid(5b62fad76360fb04fb2680d0615254db) Importer(815301076,1909f56bfc062723c751e8b465ee728b)
Start importing Assets/Scripts/ControlPanel.cs using Guid(5b62fad76360fb04fb2680d0615254db) Importer(815301076,1909f56bfc062723c751e8b465ee728b)  -> (artifact id: '5ffb1d4626f3b165bb9065a73466d796') in 0.002714 seconds
  Import took 0.010604 seconds .

========================================================================
Received Prepare
Registering precompiled user dll's ...
Registered in 0.004356 seconds.
Begin MonoManager ReloadAssembly
Native extension for WindowsStandalone target not found
Refreshing native plugins compatible for Editor in 1.58 ms, found 8 plugins.
Preloading 1 native plugins for Editor in 0.14 ms.
Invoked RoslynAnalysisRunner static constructor.
RoslynAnalysisRunner will not be running.
RoslynAnalysisRunner has terminated.
Mono: successfully reloaded assembly
- Completed reload, in  1.178 seconds
Platform modules already initialized, skipping
Switching build target platform(5) subTarget(0) extendedPlatform(0) -> platform(13) subTarget(524294) extendedPlatform(0)
Shader 'Universal Render Pipeline/Particles/Lit': fallback shader 'Universal Render Pipeline/Particles/SimpleLit' not found
Shader 'Oculus/OVRMRCameraFrameLit': fallback shader 'Alpha-Diffuse' not found
Refreshing native plugins compatible for Editor in 1.09 ms, found 8 plugins.
Preloading 1 native plugins for Editor in 0.06 ms.
Unloading 3589 Unused Serialized files (Serialized files now loaded: 0)
System memory in use before: 154.8 MB.
System memory in use after: 155.0 MB.

Unloading 53 unused Assets to reduce memory usage. Loaded Objects now: 4203.
Total: 2.700900 ms (FindLiveObjects: 0.339900 ms CreateObjectMapping: 0.147900 ms MarkObjects: 2.064800 ms  DeleteObjects: 0.146900 ms)

AssetImportParameters requested are different than current active one (requested -> active):
  custom:graphics/normal-map-encoding: 01000000000000000000000000000000 -> 02000000000000000000000000000000
========================================================================
Received Prepare
Registering precompiled user dll's ...
Registered in 0.005364 seconds.
Begin MonoManager ReloadAssembly
Native extension for WindowsStandalone target not found
Refreshing native plugins compatible for Editor in 1.18 ms, found 8 plugins.
Preloading 1 native plugins for Editor in 0.07 ms.
Invoked RoslynAnalysisRunner static constructor.
RoslynAnalysisRunner will not be running.
RoslynAnalysisRunner has terminated.
Mono: successfully reloaded assembly
- Completed reload, in  0.957 seconds
Platform modules already initialized, skipping
Switching build target platform(5) subTarget(0) extendedPlatform(0) -> platform(13) subTarget(524294) extendedPlatform(0)
Shader 'Universal Render Pipeline/Particles/Lit': fallback shader 'Universal Render Pipeline/Particles/SimpleLit' not found
Shader 'Oculus/OVRMRCameraFrameLit': fallback shader 'Alpha-Diffuse' not found
Refreshing native plugins compatible for Editor in 1.12 ms, found 8 plugins.
Preloading 1 native plugins for Editor in 0.06 ms.
Unloading 3589 Unused Serialized files (Serialized files now loaded: 0)
System memory in use before: 154.8 MB.
System memory in use after: 155.0 MB.

Unloading 53 unused Assets to reduce memory usage. Loaded Objects now: 4207.
Total: 3.050700 ms (FindLiveObjects: 0.427700 ms CreateObjectMapping: 0.316000 ms MarkObjects: 2.175900 ms  DeleteObjects: 0.129900 ms)

AssetImportParameters requested are different than current active one (requested -> active):
  custom:graphics/normal-map-encoding: 01000000000000000000000000000000 -> 02000000000000000000000000000000
========================================================================
Received Import Request.
  Time since last request: 189.844607 seconds.
  path: Assets/Scripts/ControlPanel.cs
  artifactKey: Guid(5b62fad76360fb04fb2680d0615254db) Importer(815301076,1909f56bfc062723c751e8b465ee728b)
Start importing Assets/Scripts/ControlPanel.cs using Guid(5b62fad76360fb04fb2680d0615254db) Importer(815301076,1909f56bfc062723c751e8b465ee728b)  -> (artifact id: '00e57d129eab445220dc72074fd926e6') in 0.006364 seconds
  Import took 0.012699 seconds .

========================================================================
Received Prepare
Registering precompiled user dll's ...
Registered in 0.004062 seconds.
Begin MonoManager ReloadAssembly
Native extension for WindowsStandalone target not found
Refreshing native plugins compatible for Editor in 1.14 ms, found 8 plugins.
Preloading 1 native plugins for Editor in 0.08 ms.
Invoked RoslynAnalysisRunner static constructor.
RoslynAnalysisRunner will not be running.
RoslynAnalysisRunner has terminated.
Mono: successfully reloaded assembly
- Completed reload, in  0.978 seconds
Platform modules already initialized, skipping
Switching build target platform(5) subTarget(0) extendedPlatform(0) -> platform(13) subTarget(524294) extendedPlatform(0)
Shader 'Universal Render Pipeline/Particles/Lit': fallback shader 'Universal Render Pipeline/Particles/SimpleLit' not found
Shader 'Oculus/OVRMRCameraFrameLit': fallback shader 'Alpha-Diffuse' not found
Refreshing native plugins compatible for Editor in 1.11 ms, found 8 plugins.
Preloading 1 native plugins for Editor in 0.06 ms.
Unloading 3589 Unused Serialized files (Serialized files now loaded: 0)
System memory in use before: 154.9 MB.
System memory in use after: 155.0 MB.

Unloading 53 unused Assets to reduce memory usage. Loaded Objects now: 4211.
Total: 2.500400 ms (FindLiveObjects: 0.331200 ms CreateObjectMapping: 0.135500 ms MarkObjects: 1.896600 ms  DeleteObjects: 0.136100 ms)

AssetImportParameters requested are different than current active one (requested -> active):
  custom:graphics/normal-map-encoding: 01000000000000000000000000000000 -> 02000000000000000000000000000000
========================================================================
Received Prepare
Registering precompiled user dll's ...
Registered in 0.004008 seconds.
Begin MonoManager ReloadAssembly
Native extension for WindowsStandalone target not found
Refreshing native plugins compatible for Editor in 1.10 ms, found 8 plugins.
Preloading 1 native plugins for Editor in 0.09 ms.
Invoked RoslynAnalysisRunner static constructor.
RoslynAnalysisRunner will not be running.
RoslynAnalysisRunner has terminated.
Mono: successfully reloaded assembly
- Completed reload, in  0.935 seconds
Platform modules already initialized, skipping
Switching build target platform(5) subTarget(0) extendedPlatform(0) -> platform(13) subTarget(524294) extendedPlatform(0)
Shader 'Universal Render Pipeline/Particles/Lit': fallback shader 'Universal Render Pipeline/Particles/SimpleLit' not found
Shader 'Oculus/OVRMRCameraFrameLit': fallback shader 'Alpha-Diffuse' not found
Refreshing native plugins compatible for Editor in 1.11 ms, found 8 plugins.
Preloading 1 native plugins for Editor in 0.06 ms.
Unloading 3589 Unused Serialized files (Serialized files now loaded: 0)
System memory in use before: 154.9 MB.
System memory in use after: 155.0 MB.

Unloading 53 unused Assets to reduce memory usage. Loaded Objects now: 4215.
Total: 2.355100 ms (FindLiveObjects: 0.309500 ms CreateObjectMapping: 0.132900 ms MarkObjects: 1.788500 ms  DeleteObjects: 0.123300 ms)

AssetImportParameters requested are different than current active one (requested -> active):
  custom:graphics/normal-map-encoding: 01000000000000000000000000000000 -> 02000000000000000000000000000000
========================================================================
Received Import Request.
  Time since last request: 2314.441407 seconds.
  path: Assets/Obi Assets/RightPageSmallHigh.asset
  artifactKey: Guid(abcd6acbcb948bb488d1a4f590e5c886) Importer(815301076,1909f56bfc062723c751e8b465ee728b)
Start importing Assets/Obi Assets/RightPageSmallHigh.asset using Guid(abcd6acbcb948bb488d1a4f590e5c886) Importer(815301076,1909f56bfc062723c751e8b465ee728b)  -> (artifact id: '8759400e0e69a0f5ac4d81800ac034ed') in 0.073663 seconds
  Import took 0.079607 seconds .

========================================================================
Received Prepare
Registering precompiled user dll's ...
Registered in 0.004167 seconds.
Begin MonoManager ReloadAssembly
Native extension for WindowsStandalone target not found
Refreshing native plugins compatible for Editor in 1.81 ms, found 8 plugins.
Preloading 1 native plugins for Editor in 0.14 ms.
Invoked RoslynAnalysisRunner static constructor.
RoslynAnalysisRunner will not be running.
RoslynAnalysisRunner has terminated.
Mono: successfully reloaded assembly
- Completed reload, in  0.963 seconds
Platform modules already initialized, skipping
Switching build target platform(5) subTarget(0) extendedPlatform(0) -> platform(13) subTarget(524294) extendedPlatform(0)
Shader 'Universal Render Pipeline/Particles/Lit': fallback shader 'Universal Render Pipeline/Particles/SimpleLit' not found
Shader 'Oculus/OVRMRCameraFrameLit': fallback shader 'Alpha-Diffuse' not found
Refreshing native plugins compatible for Editor in 1.16 ms, found 8 plugins.
Preloading 1 native plugins for Editor in 0.06 ms.
Unloading 3589 Unused Serialized files (Serialized files now loaded: 0)
System memory in use before: 154.9 MB.
System memory in use after: 155.1 MB.

Unloading 53 unused Assets to reduce memory usage. Loaded Objects now: 4219.
Total: 2.594900 ms (FindLiveObjects: 0.320800 ms CreateObjectMapping: 0.138300 ms MarkObjects: 1.964500 ms  DeleteObjects: 0.169800 ms)

AssetImportParameters requested are different than current active one (requested -> active):
  custom:graphics/normal-map-encoding: 01000000000000000000000000000000 -> 02000000000000000000000000000000
========================================================================
Received Import Request.
  Time since last request: 34.453492 seconds.
  path: Assets/Obi Assets/RightPageSmallHigh.asset
  artifactKey: Guid(abcd6acbcb948bb488d1a4f590e5c886) Importer(815301076,1909f56bfc062723c751e8b465ee728b)
Start importing Assets/Obi Assets/RightPageSmallHigh.asset using Guid(abcd6acbcb948bb488d1a4f590e5c886) Importer(815301076,1909f56bfc062723c751e8b465ee728b)  -> (artifact id: 'df6c4d39ae13418c9c2d532c6ed0ab80') in 0.085300 seconds
  Import took 0.092455 seconds .

========================================================================
Received Import Request.
  Time since last request: 15.583561 seconds.
  path: Assets/ObiEditorSettings.asset
  artifactKey: Guid(4a69174c1a5825049b9db48ef73b1810) Importer(815301076,1909f56bfc062723c751e8b465ee728b)
Start importing Assets/ObiEditorSettings.asset using Guid(4a69174c1a5825049b9db48ef73b1810) Importer(815301076,1909f56bfc062723c751e8b465ee728b)  -> (artifact id: 'd63ab27e86314a6c53da7cda18d11b06') in 0.006441 seconds
  Import took 0.012041 seconds .

========================================================================
Received Prepare
Registering precompiled user dll's ...
Registered in 0.004488 seconds.
Begin MonoManager ReloadAssembly
Native extension for WindowsStandalone target not found
Refreshing native plugins compatible for Editor in 1.12 ms, found 8 plugins.
Preloading 1 native plugins for Editor in 0.07 ms.
Invoked RoslynAnalysisRunner static constructor.
RoslynAnalysisRunner will not be running.
RoslynAnalysisRunner has terminated.
Mono: successfully reloaded assembly
- Completed reload, in  0.931 seconds
Platform modules already initialized, skipping
Switching build target platform(5) subTarget(0) extendedPlatform(0) -> platform(13) subTarget(524294) extendedPlatform(0)
Shader 'Universal Render Pipeline/Particles/Lit': fallback shader 'Universal Render Pipeline/Particles/SimpleLit' not found
Shader 'Oculus/OVRMRCameraFrameLit': fallback shader 'Alpha-Diffuse' not found
Refreshing native plugins compatible for Editor in 1.09 ms, found 8 plugins.
Preloading 1 native plugins for Editor in 0.06 ms.
Unloading 3589 Unused Serialized files (Serialized files now loaded: 0)
System memory in use before: 154.9 MB.
System memory in use after: 155.1 MB.

Unloading 53 unused Assets to reduce memory usage. Loaded Objects now: 4223.
Total: 2.995200 ms (FindLiveObjects: 0.648700 ms CreateObjectMapping: 0.172100 ms MarkObjects: 2.025600 ms  DeleteObjects: 0.147600 ms)

AssetImportParameters requested are different than current active one (requested -> active):
  custom:graphics/normal-map-encoding: 01000000000000000000000000000000 -> 02000000000000000000000000000000
========================================================================
Received Import Request.
  Time since last request: 497.683318 seconds.
  path: Assets/Obi Assets/RightPageSmallHigh.asset
  artifactKey: Guid(abcd6acbcb948bb488d1a4f590e5c886) Importer(815301076,1909f56bfc062723c751e8b465ee728b)
Start importing Assets/Obi Assets/RightPageSmallHigh.asset using Guid(abcd6acbcb948bb488d1a4f590e5c886) Importer(815301076,1909f56bfc062723c751e8b465ee728b)  -> (artifact id: '396b3d5987ae2a6bc2146987b6df458b') in 0.064586 seconds
  Import took 0.070279 seconds .

========================================================================
Received Prepare
Registering precompiled user dll's ...
Registered in 0.003965 seconds.
Begin MonoManager ReloadAssembly
Native extension for WindowsStandalone target not found
Refreshing native plugins compatible for Editor in 1.16 ms, found 8 plugins.
Preloading 1 native plugins for Editor in 0.09 ms.
Invoked RoslynAnalysisRunner static constructor.
RoslynAnalysisRunner will not be running.
RoslynAnalysisRunner has terminated.
Mono: successfully reloaded assembly
- Completed reload, in  0.984 seconds
Platform modules already initialized, skipping
Switching build target platform(5) subTarget(0) extendedPlatform(0) -> platform(13) subTarget(524294) extendedPlatform(0)
Shader 'Universal Render Pipeline/Particles/Lit': fallback shader 'Universal Render Pipeline/Particles/SimpleLit' not found
Shader 'Oculus/OVRMRCameraFrameLit': fallback shader 'Alpha-Diffuse' not found
Refreshing native plugins compatible for Editor in 1.16 ms, found 8 plugins.
Preloading 1 native plugins for Editor in 0.09 ms.
Unloading 3589 Unused Serialized files (Serialized files now loaded: 0)
System memory in use before: 154.9 MB.
System memory in use after: 155.1 MB.

Unloading 53 unused Assets to reduce memory usage. Loaded Objects now: 4227.
Total: 2.826000 ms (FindLiveObjects: 0.359500 ms CreateObjectMapping: 0.158100 ms MarkObjects: 2.166900 ms  DeleteObjects: 0.140000 ms)

AssetImportParameters requested are different than current active one (requested -> active):
  custom:graphics/normal-map-encoding: 01000000000000000000000000000000 -> 02000000000000000000000000000000
========================================================================
Received Import Request.
  Time since last request: 71.057690 seconds.
  path: Assets/Obi Assets/RightPageSmallHigh.asset
  artifactKey: Guid(abcd6acbcb948bb488d1a4f590e5c886) Importer(815301076,1909f56bfc062723c751e8b465ee728b)
Start importing Assets/Obi Assets/RightPageSmallHigh.asset using Guid(abcd6acbcb948bb488d1a4f590e5c886) Importer(815301076,1909f56bfc062723c751e8b465ee728b)  -> (artifact id: '8bc9b24d8a7f31eb2ae767ab790a692e') in 0.094729 seconds
  Import took 0.101424 seconds .

========================================================================
Received Prepare
Registering precompiled user dll's ...
Registered in 0.003896 seconds.
Begin MonoManager ReloadAssembly
Native extension for WindowsStandalone target not found
Refreshing native plugins compatible for Editor in 1.19 ms, found 8 plugins.
Preloading 1 native plugins for Editor in 0.08 ms.
Invoked RoslynAnalysisRunner static constructor.
RoslynAnalysisRunner will not be running.
RoslynAnalysisRunner has terminated.
Mono: successfully reloaded assembly
- Completed reload, in  1.231 seconds
Platform modules already initialized, skipping
Switching build target platform(5) subTarget(0) extendedPlatform(0) -> platform(13) subTarget(524294) extendedPlatform(0)
Shader 'Universal Render Pipeline/Particles/Lit': fallback shader 'Universal Render Pipeline/Particles/SimpleLit' not found
Shader 'Oculus/OVRMRCameraFrameLit': fallback shader 'Alpha-Diffuse' not found
Refreshing native plugins compatible for Editor in 1.08 ms, found 8 plugins.
Preloading 1 native plugins for Editor in 0.07 ms.
Unloading 3589 Unused Serialized files (Serialized files now loaded: 0)
System memory in use before: 154.9 MB.
System memory in use after: 155.1 MB.

Unloading 53 unused Assets to reduce memory usage. Loaded Objects now: 4231.
Total: 2.653800 ms (FindLiveObjects: 0.411900 ms CreateObjectMapping: 0.137800 ms MarkObjects: 1.958600 ms  DeleteObjects: 0.144500 ms)

AssetImportParameters requested are different than current active one (requested -> active):
  custom:graphics/normal-map-encoding: 01000000000000000000000000000000 -> 02000000000000000000000000000000
========================================================================
Received Import Request.
  Time since last request: 334.107205 seconds.
  path: Assets/Obi Assets/RightPageSmallHigh.asset
  artifactKey: Guid(abcd6acbcb948bb488d1a4f590e5c886) Importer(815301076,1909f56bfc062723c751e8b465ee728b)
Start importing Assets/Obi Assets/RightPageSmallHigh.asset using Guid(abcd6acbcb948bb488d1a4f590e5c886) Importer(815301076,1909f56bfc062723c751e8b465ee728b)  -> (artifact id: '2b7ecec60aed15f76f1d1497c791e245') in 0.066848 seconds
  Import took 0.072397 seconds .

========================================================================
Received Import Request.
  Time since last request: 2.641189 seconds.
  path: Assets/Obi Assets/RightPageSmallHigh.asset
  artifactKey: Guid(abcd6acbcb948bb488d1a4f590e5c886) Importer(815301076,1909f56bfc062723c751e8b465ee728b)
Start importing Assets/Obi Assets/RightPageSmallHigh.asset using Guid(abcd6acbcb948bb488d1a4f590e5c886) Importer(815301076,1909f56bfc062723c751e8b465ee728b)  -> (artifact id: '2b7ecec60aed15f76f1d1497c791e245') in 0.032121 seconds
  Import took 0.038519 seconds .

========================================================================
Received Prepare
Registering precompiled user dll's ...
Registered in 0.004525 seconds.
Begin MonoManager ReloadAssembly
Native extension for WindowsStandalone target not found
Refreshing native plugins compatible for Editor in 1.10 ms, found 8 plugins.
Preloading 1 native plugins for Editor in 0.06 ms.
Invoked RoslynAnalysisRunner static constructor.
RoslynAnalysisRunner will not be running.
RoslynAnalysisRunner has terminated.
Mono: successfully reloaded assembly
- Completed reload, in  0.974 seconds
Platform modules already initialized, skipping
Switching build target platform(5) subTarget(0) extendedPlatform(0) -> platform(13) subTarget(524294) extendedPlatform(0)
Shader 'Universal Render Pipeline/Particles/Lit': fallback shader 'Universal Render Pipeline/Particles/SimpleLit' not found
Shader 'Oculus/OVRMRCameraFrameLit': fallback shader 'Alpha-Diffuse' not found
Refreshing native plugins compatible for Editor in 1.26 ms, found 8 plugins.
Preloading 1 native plugins for Editor in 0.07 ms.
Unloading 3589 Unused Serialized files (Serialized files now loaded: 0)
System memory in use before: 154.9 MB.
System memory in use after: 155.1 MB.

Unloading 53 unused Assets to reduce memory usage. Loaded Objects now: 4235.
Total: 2.699200 ms (FindLiveObjects: 0.423600 ms CreateObjectMapping: 0.137200 ms MarkObjects: 2.011800 ms  DeleteObjects: 0.124800 ms)

AssetImportParameters requested are different than current active one (requested -> active):
  custom:graphics/normal-map-encoding: 01000000000000000000000000000000 -> 02000000000000000000000000000000
========================================================================
Received Import Request.
  Time since last request: 160.040243 seconds.
  path: Assets/Obi Assets/RightPageSmallHigh.asset
  artifactKey: Guid(abcd6acbcb948bb488d1a4f590e5c886) Importer(815301076,1909f56bfc062723c751e8b465ee728b)
Start importing Assets/Obi Assets/RightPageSmallHigh.asset using Guid(abcd6acbcb948bb488d1a4f590e5c886) Importer(815301076,1909f56bfc062723c751e8b465ee728b)  -> (artifact id: '90b0e3aed1fbc12b10cfd9267bae3b49') in 0.085173 seconds
  Import took 0.093973 seconds .

========================================================================
Received Prepare
Registering precompiled user dll's ...
Registered in 0.004097 seconds.
Begin MonoManager ReloadAssembly
Native extension for WindowsStandalone target not found
Refreshing native plugins compatible for Editor in 1.13 ms, found 8 plugins.
Preloading 1 native plugins for Editor in 0.08 ms.
Invoked RoslynAnalysisRunner static constructor.
RoslynAnalysisRunner will not be running.
RoslynAnalysisRunner has terminated.
Mono: successfully reloaded assembly
- Completed reload, in  0.952 seconds
Platform modules already initialized, skipping
Switching build target platform(5) subTarget(0) extendedPlatform(0) -> platform(13) subTarget(524294) extendedPlatform(0)
Shader 'Universal Render Pipeline/Particles/Lit': fallback shader 'Universal Render Pipeline/Particles/SimpleLit' not found
Shader 'Oculus/OVRMRCameraFrameLit': fallback shader 'Alpha-Diffuse' not found
Refreshing native plugins compatible for Editor in 1.15 ms, found 8 plugins.
Preloading 1 native plugins for Editor in 0.07 ms.
Unloading 3589 Unused Serialized files (Serialized files now loaded: 0)
System memory in use before: 155.0 MB.
System memory in use after: 155.1 MB.

Unloading 53 unused Assets to reduce memory usage. Loaded Objects now: 4239.
Total: 2.386200 ms (FindLiveObjects: 0.310100 ms CreateObjectMapping: 0.133100 ms MarkObjects: 1.811800 ms  DeleteObjects: 0.130200 ms)

AssetImportParameters requested are different than current active one (requested -> active):
  custom:graphics/normal-map-encoding: 01000000000000000000000000000000 -> 02000000000000000000000000000000
========================================================================
Received Import Request.
  Time since last request: 4288.740586 seconds.
  path: Assets/Obi Assets/RightPageSmallHigh.asset
  artifactKey: Guid(abcd6acbcb948bb488d1a4f590e5c886) Importer(815301076,1909f56bfc062723c751e8b465ee728b)
Start importing Assets/Obi Assets/RightPageSmallHigh.asset using Guid(abcd6acbcb948bb488d1a4f590e5c886) Importer(815301076,1909f56bfc062723c751e8b465ee728b)  -> (artifact id: 'cdd4f5ae9631c6706a6863f38e160f36') in 0.084598 seconds
  Import took 0.090091 seconds .

========================================================================
Received Import Request.
  Time since last request: 47.297454 seconds.
  path: Assets/Obi Assets/RightPageSmallHigh.asset
  artifactKey: Guid(abcd6acbcb948bb488d1a4f590e5c886) Importer(815301076,1909f56bfc062723c751e8b465ee728b)
Start importing Assets/Obi Assets/RightPageSmallHigh.asset using Guid(abcd6acbcb948bb488d1a4f590e5c886) Importer(815301076,1909f56bfc062723c751e8b465ee728b)  -> (artifact id: '3ccabd3286b2b4ab73887748d2d85564') in 0.038962 seconds
  Import took 0.045379 seconds .

========================================================================
Received Import Request.
  Time since last request: 201.269162 seconds.
  path: Assets/Obi Assets/RightPageSmallHigh.asset
  artifactKey: Guid(abcd6acbcb948bb488d1a4f590e5c886) Importer(815301076,1909f56bfc062723c751e8b465ee728b)
Start importing Assets/Obi Assets/RightPageSmallHigh.asset using Guid(abcd6acbcb948bb488d1a4f590e5c886) Importer(815301076,1909f56bfc062723c751e8b465ee728b)  -> (artifact id: 'e2ed13f279d0f836592bab46aa496d8b') in 0.039240 seconds
  Import took 0.045835 seconds .

========================================================================
Received Import Request.
  Time since last request: 15.703586 seconds.
  path: Assets/Obi Assets/RightPageSmallHigh.asset
  artifactKey: Guid(abcd6acbcb948bb488d1a4f590e5c886) Importer(815301076,1909f56bfc062723c751e8b465ee728b)
Start importing Assets/Obi Assets/RightPageSmallHigh.asset using Guid(abcd6acbcb948bb488d1a4f590e5c886) Importer(815301076,1909f56bfc062723c751e8b465ee728b)  -> (artifact id: 'b9fcdd72007845c31a331e4558d6b196') in 0.037600 seconds
  Import took 0.043603 seconds .

========================================================================
Received Import Request.
  Time since last request: 16.952819 seconds.
  path: Assets/Obi Assets/RightPageSmallHigh.asset
  artifactKey: Guid(abcd6acbcb948bb488d1a4f590e5c886) Importer(815301076,1909f56bfc062723c751e8b465ee728b)
Start importing Assets/Obi Assets/RightPageSmallHigh.asset using Guid(abcd6acbcb948bb488d1a4f590e5c886) Importer(815301076,1909f56bfc062723c751e8b465ee728b)  -> (artifact id: '2707c92d0bd8e68d5f15bd63dd7ed2f4') in 0.038945 seconds
  Import took 0.045071 seconds .

========================================================================
Received Import Request.
  Time since last request: 0.002779 seconds.
  path: Assets/Obi Assets/RightPageSmallHigh.asset
  artifactKey: Guid(abcd6acbcb948bb488d1a4f590e5c886) Importer(815301076,1909f56bfc062723c751e8b465ee728b)
Start importing Assets/Obi Assets/RightPageSmallHigh.asset using Guid(abcd6acbcb948bb488d1a4f590e5c886) Importer(815301076,1909f56bfc062723c751e8b465ee728b)  -> (artifact id: '2707c92d0bd8e68d5f15bd63dd7ed2f4') in 0.038308 seconds
  Import took 0.044122 seconds .

========================================================================
Received Import Request.
  Time since last request: 3.777880 seconds.
  path: Assets/Obi Assets/RightPageSmallHigh.asset
  artifactKey: Guid(abcd6acbcb948bb488d1a4f590e5c886) Importer(815301076,1909f56bfc062723c751e8b465ee728b)
Start importing Assets/Obi Assets/RightPageSmallHigh.asset using Guid(abcd6acbcb948bb488d1a4f590e5c886) Importer(815301076,1909f56bfc062723c751e8b465ee728b)  -> (artifact id: '5ed8b8ff75259cdd28f28ff1f94f047a') in 0.039484 seconds
  Import took 0.046051 seconds .

========================================================================
Received Import Request.
  Time since last request: 20.649871 seconds.
  path: Assets/Obi Assets/RightPageSmallHigh.asset
  artifactKey: Guid(abcd6acbcb948bb488d1a4f590e5c886) Importer(815301076,1909f56bfc062723c751e8b465ee728b)
Start importing Assets/Obi Assets/RightPageSmallHigh.asset using Guid(abcd6acbcb948bb488d1a4f590e5c886) Importer(815301076,1909f56bfc062723c751e8b465ee728b)  -> (artifact id: '7ef03eebf90207b9c364e6fc4d02ede0') in 0.040436 seconds
  Import took 0.046838 seconds .

========================================================================
Received Import Request.
  Time since last request: 0.002268 seconds.
  path: Assets/Obi Assets/RightPageSmallHigh.asset
  artifactKey: Guid(abcd6acbcb948bb488d1a4f590e5c886) Importer(815301076,1909f56bfc062723c751e8b465ee728b)
Start importing Assets/Obi Assets/RightPageSmallHigh.asset using Guid(abcd6acbcb948bb488d1a4f590e5c886) Importer(815301076,1909f56bfc062723c751e8b465ee728b)  -> (artifact id: '7ef03eebf90207b9c364e6fc4d02ede0') in 0.039026 seconds
  Import took 0.044782 seconds .

========================================================================
Received Import Request.
  Time since last request: 81.101225 seconds.
  path: Assets/Obi Assets/RightPageSmallHigh.asset
  artifactKey: Guid(abcd6acbcb948bb488d1a4f590e5c886) Importer(815301076,1909f56bfc062723c751e8b465ee728b)
Start importing Assets/Obi Assets/RightPageSmallHigh.asset using Guid(abcd6acbcb948bb488d1a4f590e5c886) Importer(815301076,1909f56bfc062723c751e8b465ee728b)  -> (artifact id: '953ce63aa33d7bccf93a51737a80da2d') in 0.044102 seconds
  Import took 0.049756 seconds .

========================================================================
Received Import Request.
  Time since last request: 6.629323 seconds.
  path: Assets/Obi Assets/RightPageSmallHigh.asset
  artifactKey: Guid(abcd6acbcb948bb488d1a4f590e5c886) Importer(815301076,1909f56bfc062723c751e8b465ee728b)
Start importing Assets/Obi Assets/RightPageSmallHigh.asset using Guid(abcd6acbcb948bb488d1a4f590e5c886) Importer(815301076,1909f56bfc062723c751e8b465ee728b)  -> (artifact id: '953ce63aa33d7bccf93a51737a80da2d') in 0.039995 seconds
  Import took 0.046231 seconds .

========================================================================
Received Prepare
Registering precompiled user dll's ...
Registered in 0.003962 seconds.
Begin MonoManager ReloadAssembly
Native extension for WindowsStandalone target not found
Refreshing native plugins compatible for Editor in 1.13 ms, found 8 plugins.
Preloading 1 native plugins for Editor in 0.07 ms.
Invoked RoslynAnalysisRunner static constructor.
RoslynAnalysisRunner will not be running.
RoslynAnalysisRunner has terminated.
Mono: successfully reloaded assembly
- Completed reload, in  0.961 seconds
Platform modules already initialized, skipping
Switching build target platform(5) subTarget(0) extendedPlatform(0) -> platform(13) subTarget(524294) extendedPlatform(0)
Shader 'Universal Render Pipeline/Particles/Lit': fallback shader 'Universal Render Pipeline/Particles/SimpleLit' not found
Shader 'Oculus/OVRMRCameraFrameLit': fallback shader 'Alpha-Diffuse' not found
Refreshing native plugins compatible for Editor in 1.09 ms, found 8 plugins.
Preloading 1 native plugins for Editor in 0.06 ms.
Unloading 3589 Unused Serialized files (Serialized files now loaded: 0)
System memory in use before: 155.0 MB.
System memory in use after: 155.1 MB.

Unloading 53 unused Assets to reduce memory usage. Loaded Objects now: 4243.
Total: 2.528800 ms (FindLiveObjects: 0.340900 ms CreateObjectMapping: 0.138000 ms MarkObjects: 1.913200 ms  DeleteObjects: 0.135500 ms)

AssetImportParameters requested are different than current active one (requested -> active):
  custom:graphics/normal-map-encoding: 01000000000000000000000000000000 -> 02000000000000000000000000000000
========================================================================
Received Prepare
Registering precompiled user dll's ...
Registered in 0.003927 seconds.
Begin MonoManager ReloadAssembly
Native extension for WindowsStandalone target not found
Refreshing native plugins compatible for Editor in 1.12 ms, found 8 plugins.
Preloading 1 native plugins for Editor in 0.07 ms.
Invoked RoslynAnalysisRunner static constructor.
RoslynAnalysisRunner will not be running.
RoslynAnalysisRunner has terminated.
Mono: successfully reloaded assembly
- Completed reload, in  0.947 seconds
Platform modules already initialized, skipping
Switching build target platform(5) subTarget(0) extendedPlatform(0) -> platform(13) subTarget(524294) extendedPlatform(0)
Shader 'Universal Render Pipeline/Particles/Lit': fallback shader 'Universal Render Pipeline/Particles/SimpleLit' not found
Shader 'Oculus/OVRMRCameraFrameLit': fallback shader 'Alpha-Diffuse' not found
Refreshing native plugins compatible for Editor in 1.42 ms, found 8 plugins.
Preloading 1 native plugins for Editor in 0.10 ms.
Unloading 3589 Unused Serialized files (Serialized files now loaded: 0)
System memory in use before: 155.0 MB.
System memory in use after: 155.1 MB.

Unloading 53 unused Assets to reduce memory usage. Loaded Objects now: 4247.
Total: 2.823900 ms (FindLiveObjects: 0.335000 ms CreateObjectMapping: 0.139600 ms MarkObjects: 2.203800 ms  DeleteObjects: 0.144300 ms)

AssetImportParameters requested are different than current active one (requested -> active):
  custom:graphics/normal-map-encoding: 01000000000000000000000000000000 -> 02000000000000000000000000000000
========================================================================
Received Prepare
Registering precompiled user dll's ...
Registered in 0.003983 seconds.
Begin MonoManager ReloadAssembly
Native extension for WindowsStandalone target not found
Refreshing native plugins compatible for Editor in 1.12 ms, found 8 plugins.
Preloading 1 native plugins for Editor in 0.07 ms.
Invoked RoslynAnalysisRunner static constructor.
RoslynAnalysisRunner will not be running.
RoslynAnalysisRunner has terminated.
Mono: successfully reloaded assembly
- Completed reload, in  1.067 seconds
Platform modules already initialized, skipping
Switching build target platform(5) subTarget(0) extendedPlatform(0) -> platform(13) subTarget(524294) extendedPlatform(0)
Shader 'Universal Render Pipeline/Particles/Lit': fallback shader 'Universal Render Pipeline/Particles/SimpleLit' not found
Shader 'Oculus/OVRMRCameraFrameLit': fallback shader 'Alpha-Diffuse' not found
Refreshing native plugins compatible for Editor in 1.08 ms, found 8 plugins.
Preloading 1 native plugins for Editor in 0.07 ms.
Unloading 3589 Unused Serialized files (Serialized files now loaded: 0)
System memory in use before: 155.0 MB.
System memory in use after: 155.1 MB.

Unloading 53 unused Assets to reduce memory usage. Loaded Objects now: 4251.
Total: 2.809200 ms (FindLiveObjects: 0.538300 ms CreateObjectMapping: 0.172100 ms MarkObjects: 1.959900 ms  DeleteObjects: 0.137900 ms)

AssetImportParameters requested are different than current active one (requested -> active):
  custom:graphics/normal-map-encoding: 01000000000000000000000000000000 -> 02000000000000000000000000000000
========================================================================
Received Prepare
Registering precompiled user dll's ...
Registered in 0.004068 seconds.
Begin MonoManager ReloadAssembly
Native extension for WindowsStandalone target not found
Refreshing native plugins compatible for Editor in 1.15 ms, found 8 plugins.
Preloading 1 native plugins for Editor in 0.07 ms.
Invoked RoslynAnalysisRunner static constructor.
RoslynAnalysisRunner will not be running.
RoslynAnalysisRunner has terminated.
Mono: successfully reloaded assembly
- Completed reload, in  0.980 seconds
Platform modules already initialized, skipping
Switching build target platform(5) subTarget(0) extendedPlatform(0) -> platform(13) subTarget(524294) extendedPlatform(0)
Shader 'Universal Render Pipeline/Particles/Lit': fallback shader 'Universal Render Pipeline/Particles/SimpleLit' not found
Shader 'Oculus/OVRMRCameraFrameLit': fallback shader 'Alpha-Diffuse' not found
Refreshing native plugins compatible for Editor in 1.15 ms, found 8 plugins.
Preloading 1 native plugins for Editor in 0.07 ms.
Unloading 3589 Unused Serialized files (Serialized files now loaded: 0)
System memory in use before: 155.0 MB.
System memory in use after: 155.1 MB.

Unloading 53 unused Assets to reduce memory usage. Loaded Objects now: 4255.
Total: 3.730900 ms (FindLiveObjects: 0.355300 ms CreateObjectMapping: 0.140200 ms MarkObjects: 3.078300 ms  DeleteObjects: 0.155700 ms)

AssetImportParameters requested are different than current active one (requested -> active):
  custom:graphics/normal-map-encoding: 01000000000000000000000000000000 -> 02000000000000000000000000000000
========================================================================
Received Prepare
Registering precompiled user dll's ...
Registered in 0.010055 seconds.
Begin MonoManager ReloadAssembly
Native extension for WindowsStandalone target not found
Refreshing native plugins compatible for Editor in 1.92 ms, found 8 plugins.
Preloading 1 native plugins for Editor in 0.12 ms.
Invoked RoslynAnalysisRunner static constructor.
RoslynAnalysisRunner will not be running.
RoslynAnalysisRunner has terminated.
Mono: successfully reloaded assembly
- Completed reload, in  1.491 seconds
Platform modules already initialized, skipping
Switching build target platform(5) subTarget(0) extendedPlatform(0) -> platform(13) subTarget(524294) extendedPlatform(0)
Shader 'Universal Render Pipeline/Particles/Lit': fallback shader 'Universal Render Pipeline/Particles/SimpleLit' not found
Shader 'Oculus/OVRMRCameraFrameLit': fallback shader 'Alpha-Diffuse' not found
Refreshing native plugins compatible for Editor in 1.76 ms, found 8 plugins.
Preloading 1 native plugins for Editor in 0.10 ms.
Unloading 3589 Unused Serialized files (Serialized files now loaded: 0)
System memory in use before: 155.0 MB.
System memory in use after: 155.2 MB.

Unloading 53 unused Assets to reduce memory usage. Loaded Objects now: 4259.
Total: 4.416100 ms (FindLiveObjects: 0.565700 ms CreateObjectMapping: 0.191300 ms MarkObjects: 3.427300 ms  DeleteObjects: 0.229700 ms)

AssetImportParameters requested are different than current active one (requested -> active):
  custom:graphics/normal-map-encoding: 01000000000000000000000000000000 -> 02000000000000000000000000000000
========================================================================
Received Prepare
Registering precompiled user dll's ...
Registered in 0.005274 seconds.
Begin MonoManager ReloadAssembly
Native extension for WindowsStandalone target not found
Refreshing native plugins compatible for Editor in 1.11 ms, found 8 plugins.
Preloading 1 native plugins for Editor in 0.07 ms.
Invoked RoslynAnalysisRunner static constructor.
RoslynAnalysisRunner will not be running.
RoslynAnalysisRunner has terminated.
Mono: successfully reloaded assembly
- Completed reload, in  1.010 seconds
Platform modules already initialized, skipping
Switching build target platform(5) subTarget(0) extendedPlatform(0) -> platform(13) subTarget(524294) extendedPlatform(0)
Shader 'Universal Render Pipeline/Particles/Lit': fallback shader 'Universal Render Pipeline/Particles/SimpleLit' not found
Shader 'Oculus/OVRMRCameraFrameLit': fallback shader 'Alpha-Diffuse' not found
Refreshing native plugins compatible for Editor in 1.11 ms, found 8 plugins.
Preloading 1 native plugins for Editor in 0.07 ms.
Unloading 3589 Unused Serialized files (Serialized files now loaded: 0)
System memory in use before: 155.0 MB.
System memory in use after: 155.2 MB.

Unloading 53 unused Assets to reduce memory usage. Loaded Objects now: 4263.
Total: 2.395800 ms (FindLiveObjects: 0.352900 ms CreateObjectMapping: 0.135200 ms MarkObjects: 1.781600 ms  DeleteObjects: 0.125200 ms)

AssetImportParameters requested are different than current active one (requested -> active):
  custom:graphics/normal-map-encoding: 01000000000000000000000000000000 -> 02000000000000000000000000000000
========================================================================
Received Import Request.
  Time since last request: 2797.857242 seconds.
  path: Assets/Obi Assets/RightPageSmallHigh.asset
  artifactKey: Guid(abcd6acbcb948bb488d1a4f590e5c886) Importer(815301076,1909f56bfc062723c751e8b465ee728b)
Start importing Assets/Obi Assets/RightPageSmallHigh.asset using Guid(abcd6acbcb948bb488d1a4f590e5c886) Importer(815301076,1909f56bfc062723c751e8b465ee728b)  -> (artifact id: '05bf1186560b99cc3d2e55b8b30bca8e') in 0.088834 seconds
  Import took 0.095082 seconds .

========================================================================
Received Import Request.
  Time since last request: 6.123442 seconds.
  path: Assets/Obi Assets/RightPageSmallHigh.asset
  artifactKey: Guid(abcd6acbcb948bb488d1a4f590e5c886) Importer(815301076,1909f56bfc062723c751e8b465ee728b)
Start importing Assets/Obi Assets/RightPageSmallHigh.asset using Guid(abcd6acbcb948bb488d1a4f590e5c886) Importer(815301076,1909f56bfc062723c751e8b465ee728b)  -> (artifact id: '05bf1186560b99cc3d2e55b8b30bca8e') in 0.039646 seconds
  Import took 0.045487 seconds .

========================================================================
Received Prepare
Registering precompiled user dll's ...
Registered in 0.003915 seconds.
Begin MonoManager ReloadAssembly
Native extension for WindowsStandalone target not found
Refreshing native plugins compatible for Editor in 1.09 ms, found 8 plugins.
Preloading 1 native plugins for Editor in 0.07 ms.
Invoked RoslynAnalysisRunner static constructor.
RoslynAnalysisRunner will not be running.
RoslynAnalysisRunner has terminated.
Mono: successfully reloaded assembly
- Completed reload, in  1.022 seconds
Platform modules already initialized, skipping
Switching build target platform(5) subTarget(0) extendedPlatform(0) -> platform(13) subTarget(524294) extendedPlatform(0)
Shader 'Universal Render Pipeline/Particles/Lit': fallback shader 'Universal Render Pipeline/Particles/SimpleLit' not found
Shader 'Oculus/OVRMRCameraFrameLit': fallback shader 'Alpha-Diffuse' not found
Refreshing native plugins compatible for Editor in 1.12 ms, found 8 plugins.
Preloading 1 native plugins for Editor in 0.06 ms.
Unloading 3589 Unused Serialized files (Serialized files now loaded: 0)
System memory in use before: 155.0 MB.
System memory in use after: 155.2 MB.

Unloading 53 unused Assets to reduce memory usage. Loaded Objects now: 4267.
Total: 8.882500 ms (FindLiveObjects: 0.687900 ms CreateObjectMapping: 0.207400 ms MarkObjects: 7.794800 ms  DeleteObjects: 0.191000 ms)

AssetImportParameters requested are different than current active one (requested -> active):
  custom:graphics/normal-map-encoding: 01000000000000000000000000000000 -> 02000000000000000000000000000000
========================================================================
Received Import Request.
  Time since last request: 58.981151 seconds.
  path: Assets/Obi Assets/RightPageSmallHigh.asset
  artifactKey: Guid(abcd6acbcb948bb488d1a4f590e5c886) Importer(815301076,1909f56bfc062723c751e8b465ee728b)
Start importing Assets/Obi Assets/RightPageSmallHigh.asset using Guid(abcd6acbcb948bb488d1a4f590e5c886) Importer(815301076,1909f56bfc062723c751e8b465ee728b)  -> (artifact id: '1b60f20ac8606ae5f096ffada2622fa8') in 0.093633 seconds
  Import took 0.100007 seconds .

========================================================================
Received Import Request.
  Time since last request: 4.179817 seconds.
  path: Assets/Obi Assets/RightPageSmallHigh.asset
  artifactKey: Guid(abcd6acbcb948bb488d1a4f590e5c886) Importer(815301076,1909f56bfc062723c751e8b465ee728b)
Start importing Assets/Obi Assets/RightPageSmallHigh.asset using Guid(abcd6acbcb948bb488d1a4f590e5c886) Importer(815301076,1909f56bfc062723c751e8b465ee728b)  -> (artifact id: '1b60f20ac8606ae5f096ffada2622fa8') in 0.039291 seconds
  Import took 0.046185 seconds .

========================================================================
Received Prepare
Registering precompiled user dll's ...
Registered in 0.004065 seconds.
Begin MonoManager ReloadAssembly
Native extension for WindowsStandalone target not found
Refreshing native plugins compatible for Editor in 1.09 ms, found 8 plugins.
Preloading 1 native plugins for Editor in 0.07 ms.
Invoked RoslynAnalysisRunner static constructor.
RoslynAnalysisRunner will not be running.
RoslynAnalysisRunner has terminated.
Mono: successfully reloaded assembly
- Completed reload, in  1.002 seconds
Platform modules already initialized, skipping
Switching build target platform(5) subTarget(0) extendedPlatform(0) -> platform(13) subTarget(524294) extendedPlatform(0)
Shader 'Universal Render Pipeline/Particles/Lit': fallback shader 'Universal Render Pipeline/Particles/SimpleLit' not found
Shader 'Oculus/OVRMRCameraFrameLit': fallback shader 'Alpha-Diffuse' not found
Refreshing native plugins compatible for Editor in 1.10 ms, found 8 plugins.
Preloading 1 native plugins for Editor in 0.06 ms.
Unloading 3589 Unused Serialized files (Serialized files now loaded: 0)
System memory in use before: 155.0 MB.
System memory in use after: 155.2 MB.

Unloading 53 unused Assets to reduce memory usage. Loaded Objects now: 4271.
Total: 2.430900 ms (FindLiveObjects: 0.317200 ms CreateObjectMapping: 0.134800 ms MarkObjects: 1.844200 ms  DeleteObjects: 0.133800 ms)

AssetImportParameters requested are different than current active one (requested -> active):
  custom:graphics/normal-map-encoding: 01000000000000000000000000000000 -> 02000000000000000000000000000000
========================================================================
Received Prepare
Registering precompiled user dll's ...
Registered in 0.004150 seconds.
Begin MonoManager ReloadAssembly
Native extension for WindowsStandalone target not found
Refreshing native plugins compatible for Editor in 1.12 ms, found 8 plugins.
Preloading 1 native plugins for Editor in 0.08 ms.
Invoked RoslynAnalysisRunner static constructor.
RoslynAnalysisRunner will not be running.
RoslynAnalysisRunner has terminated.
Mono: successfully reloaded assembly
- Completed reload, in  1.035 seconds
Platform modules already initialized, skipping
Switching build target platform(5) subTarget(0) extendedPlatform(0) -> platform(13) subTarget(524294) extendedPlatform(0)
Shader 'Universal Render Pipeline/Particles/Lit': fallback shader 'Universal Render Pipeline/Particles/SimpleLit' not found
Shader 'Oculus/OVRMRCameraFrameLit': fallback shader 'Alpha-Diffuse' not found
Refreshing native plugins compatible for Editor in 1.16 ms, found 8 plugins.
Preloading 1 native plugins for Editor in 0.07 ms.
Unloading 3589 Unused Serialized files (Serialized files now loaded: 0)
System memory in use before: 155.0 MB.
System memory in use after: 155.2 MB.

Unloading 53 unused Assets to reduce memory usage. Loaded Objects now: 4275.
Total: 2.799800 ms (FindLiveObjects: 0.389300 ms CreateObjectMapping: 0.137200 ms MarkObjects: 2.137100 ms  DeleteObjects: 0.135000 ms)

AssetImportParameters requested are different than current active one (requested -> active):
  custom:graphics/normal-map-encoding: 01000000000000000000000000000000 -> 02000000000000000000000000000000
========================================================================
Received Prepare
Registering precompiled user dll's ...
Registered in 0.004448 seconds.
Begin MonoManager ReloadAssembly
Native extension for WindowsStandalone target not found
Refreshing native plugins compatible for Editor in 1.15 ms, found 8 plugins.
Preloading 1 native plugins for Editor in 0.07 ms.
Invoked RoslynAnalysisRunner static constructor.
RoslynAnalysisRunner will not be running.
RoslynAnalysisRunner has terminated.
Mono: successfully reloaded assembly
- Completed reload, in  1.032 seconds
Platform modules already initialized, skipping
Switching build target platform(5) subTarget(0) extendedPlatform(0) -> platform(13) subTarget(524294) extendedPlatform(0)
Shader 'Universal Render Pipeline/Particles/Lit': fallback shader 'Universal Render Pipeline/Particles/SimpleLit' not found
Shader 'Oculus/OVRMRCameraFrameLit': fallback shader 'Alpha-Diffuse' not found
Refreshing native plugins compatible for Editor in 1.11 ms, found 8 plugins.
Preloading 1 native plugins for Editor in 0.07 ms.
Unloading 3590 Unused Serialized files (Serialized files now loaded: 0)
System memory in use before: 155.1 MB.
System memory in use after: 155.2 MB.

Unloading 53 unused Assets to reduce memory usage. Loaded Objects now: 4280.
Total: 2.782300 ms (FindLiveObjects: 0.519200 ms CreateObjectMapping: 0.155700 ms MarkObjects: 1.960200 ms  DeleteObjects: 0.146100 ms)

AssetImportParameters requested are different than current active one (requested -> active):
  custom:graphics/normal-map-encoding: 01000000000000000000000000000000 -> 02000000000000000000000000000000
========================================================================
Received Prepare
Registering precompiled user dll's ...
Registered in 0.004168 seconds.
Begin MonoManager ReloadAssembly
Native extension for WindowsStandalone target not found
Refreshing native plugins compatible for Editor in 1.09 ms, found 8 plugins.
Preloading 1 native plugins for Editor in 0.06 ms.
Invoked RoslynAnalysisRunner static constructor.
RoslynAnalysisRunner will not be running.
RoslynAnalysisRunner has terminated.
Mono: successfully reloaded assembly
- Completed reload, in  1.030 seconds
Platform modules already initialized, skipping
Switching build target platform(5) subTarget(0) extendedPlatform(0) -> platform(13) subTarget(524294) extendedPlatform(0)
Shader 'Universal Render Pipeline/Particles/Lit': fallback shader 'Universal Render Pipeline/Particles/SimpleLit' not found
Shader 'Oculus/OVRMRCameraFrameLit': fallback shader 'Alpha-Diffuse' not found
Refreshing native plugins compatible for Editor in 1.09 ms, found 8 plugins.
Preloading 1 native plugins for Editor in 0.07 ms.
Unloading 3590 Unused Serialized files (Serialized files now loaded: 0)
System memory in use before: 155.1 MB.
System memory in use after: 155.2 MB.

Unloading 53 unused Assets to reduce memory usage. Loaded Objects now: 4284.
Total: 2.922300 ms (FindLiveObjects: 0.520600 ms CreateObjectMapping: 0.158800 ms MarkObjects: 2.103600 ms  DeleteObjects: 0.138300 ms)

AssetImportParameters requested are different than current active one (requested -> active):
  custom:graphics/normal-map-encoding: 01000000000000000000000000000000 -> 02000000000000000000000000000000
========================================================================
Received Prepare
Registering precompiled user dll's ...
Registered in 0.004001 seconds.
Begin MonoManager ReloadAssembly
Native extension for WindowsStandalone target not found
Refreshing native plugins compatible for Editor in 1.23 ms, found 8 plugins.
Preloading 1 native plugins for Editor in 0.08 ms.
Invoked RoslynAnalysisRunner static constructor.
RoslynAnalysisRunner will not be running.
RoslynAnalysisRunner has terminated.
Mono: successfully reloaded assembly
- Completed reload, in  1.023 seconds
Platform modules already initialized, skipping
Switching build target platform(5) subTarget(0) extendedPlatform(0) -> platform(13) subTarget(524294) extendedPlatform(0)
Shader 'Universal Render Pipeline/Particles/Lit': fallback shader 'Universal Render Pipeline/Particles/SimpleLit' not found
Shader 'Oculus/OVRMRCameraFrameLit': fallback shader 'Alpha-Diffuse' not found
Refreshing native plugins compatible for Editor in 1.15 ms, found 8 plugins.
Preloading 1 native plugins for Editor in 0.07 ms.
Unloading 3590 Unused Serialized files (Serialized files now loaded: 0)
System memory in use before: 155.1 MB.
System memory in use after: 155.2 MB.

Unloading 53 unused Assets to reduce memory usage. Loaded Objects now: 4288.
Total: 2.727200 ms (FindLiveObjects: 0.513000 ms CreateObjectMapping: 0.151800 ms MarkObjects: 1.921500 ms  DeleteObjects: 0.139900 ms)

AssetImportParameters requested are different than current active one (requested -> active):
  custom:graphics/normal-map-encoding: 01000000000000000000000000000000 -> 02000000000000000000000000000000
========================================================================
Received Prepare
Registering precompiled user dll's ...
Registered in 0.007155 seconds.
Begin MonoManager ReloadAssembly
Native extension for WindowsStandalone target not found
Refreshing native plugins compatible for Editor in 2.04 ms, found 8 plugins.
Preloading 1 native plugins for Editor in 0.17 ms.
Invoked RoslynAnalysisRunner static constructor.
RoslynAnalysisRunner will not be running.
RoslynAnalysisRunner has terminated.
Mono: successfully reloaded assembly
- Completed reload, in  1.251 seconds
Platform modules already initialized, skipping
Switching build target platform(5) subTarget(0) extendedPlatform(0) -> platform(13) subTarget(524294) extendedPlatform(0)
Shader 'Universal Render Pipeline/Particles/Lit': fallback shader 'Universal Render Pipeline/Particles/SimpleLit' not found
Shader 'Oculus/OVRMRCameraFrameLit': fallback shader 'Alpha-Diffuse' not found
Refreshing native plugins compatible for Editor in 1.44 ms, found 8 plugins.
Preloading 1 native plugins for Editor in 0.07 ms.
Unloading 3590 Unused Serialized files (Serialized files now loaded: 0)
System memory in use before: 155.1 MB.
System memory in use after: 155.3 MB.

Unloading 53 unused Assets to reduce memory usage. Loaded Objects now: 4292.
Total: 4.617000 ms (FindLiveObjects: 0.820400 ms CreateObjectMapping: 0.520100 ms MarkObjects: 3.109000 ms  DeleteObjects: 0.166000 ms)

AssetImportParameters requested are different than current active one (requested -> active):
  custom:graphics/normal-map-encoding: 01000000000000000000000000000000 -> 02000000000000000000000000000000
========================================================================
Received Prepare
Registering precompiled user dll's ...
Registered in 0.004056 seconds.
Begin MonoManager ReloadAssembly
Native extension for WindowsStandalone target not found
Refreshing native plugins compatible for Editor in 1.17 ms, found 8 plugins.
Preloading 1 native plugins for Editor in 0.07 ms.
Invoked RoslynAnalysisRunner static constructor.
RoslynAnalysisRunner will not be running.
RoslynAnalysisRunner has terminated.
Mono: successfully reloaded assembly
- Completed reload, in  1.248 seconds
Platform modules already initialized, skipping
Switching build target platform(5) subTarget(0) extendedPlatform(0) -> platform(13) subTarget(524294) extendedPlatform(0)
Shader 'Universal Render Pipeline/Particles/Lit': fallback shader 'Universal Render Pipeline/Particles/SimpleLit' not found
Shader 'Oculus/OVRMRCameraFrameLit': fallback shader 'Alpha-Diffuse' not found
Refreshing native plugins compatible for Editor in 1.33 ms, found 8 plugins.
Preloading 1 native plugins for Editor in 0.11 ms.
Unloading 3590 Unused Serialized files (Serialized files now loaded: 0)
System memory in use before: 155.1 MB.
System memory in use after: 155.3 MB.

Unloading 53 unused Assets to reduce memory usage. Loaded Objects now: 4296.
Total: 3.088400 ms (FindLiveObjects: 0.555000 ms CreateObjectMapping: 0.167100 ms MarkObjects: 2.211400 ms  DeleteObjects: 0.153800 ms)

AssetImportParameters requested are different than current active one (requested -> active):
  custom:graphics/normal-map-encoding: 01000000000000000000000000000000 -> 02000000000000000000000000000000
AssetImportWorkerClient::OnTransportError - code=2 error=End of file
