Using pre-set license
Built from '2020.3/release' branch; Version is '2020.3.1f1 (77a89f25062f) revision 7841951'; Using compiler version '192528614'; Build Type 'Release'
OS: 'Windows 10 Pro; OS build 19044.1706; Version 2009; 64bit' Language: 'en' Physical Memory: 32691 MB
BatchMode: 1, IsHumanControllingUs: 0, StartBugReporterOnCrash: 0, Is64bit: 1, IsPro: 0

 COMMAND LINE ARGUMENTS:
C:\Program Files\Unity\Hub\Editor\2020.3.1f1\Editor\Unity.exe
-adb2
-batchMode
-noUpm
-name
AssetImportWorker1
-projectPath
C:/Users/matts/Documents/Dev/Unity/USC/Book of Hours
-logFile
Logs/AssetImportWorker1.log
-srvPort
53325
Successfully changed project path to: C:/Users/matts/Documents/Dev/Unity/USC/Book of Hours
C:/Users/matts/Documents/Dev/Unity/USC/Book of Hours
Using Asset Import Pipeline V2.
Refreshing native plugins compatible for Editor in 104.19 ms, found 8 plugins.
Preloading 1 native plugins for Editor in 0.73 ms.
Initialize engine version: 2020.3.1f1 (77a89f25062f)
[Subsystems] Discovering subsystems at path C:/Program Files/Unity/Hub/Editor/2020.3.1f1/Editor/Data/Resources/UnitySubsystems
[Subsystems] Discovering subsystems at path C:/Users/matts/Documents/Dev/Unity/USC/Book of Hours/Assets
GfxDevice: creating device client; threaded=0
Direct3D:
    Version:  Direct3D 11.0 [level 11.1]
    Renderer: NVIDIA GeForce GTX 980 (ID=0x13c0)
    Vendor:   
    VRAM:     4053 MB
    Driver:   30.0.14.9709
Shader 'Oculus/OVRMRCameraFrameLit': fallback shader 'Alpha-Diffuse' not found
Shader 'Universal Render Pipeline/Particles/Lit': fallback shader 'Universal Render Pipeline/Particles/SimpleLit' not found
Initialize mono
Mono path[0] = 'C:/Program Files/Unity/Hub/Editor/2020.3.1f1/Editor/Data/Managed'
Mono path[1] = 'C:/Program Files/Unity/Hub/Editor/2020.3.1f1/Editor/Data/MonoBleedingEdge/lib/mono/unityjit'
Mono config path = 'C:/Program Files/Unity/Hub/Editor/2020.3.1f1/Editor/Data/MonoBleedingEdge/etc'
Using monoOptions --debugger-agent=transport=dt_socket,embedding=1,server=y,suspend=n,address=127.0.0.1:56820
Begin MonoManager ReloadAssembly
Registering precompiled unity dll's ...
Register platform support module: C:/Program Files/Unity/Hub/Editor/2020.3.1f1/Editor/Data/PlaybackEngines/WindowsStandaloneSupport/UnityEditor.WindowsStandalone.Extensions.dll
Registered in 0.001777 seconds.
Native extension for WindowsStandalone target not found
Refreshing native plugins compatible for Editor in 88.04 ms, found 8 plugins.
Preloading 1 native plugins for Editor in 0.08 ms.
Invoked RoslynAnalysisRunner static constructor.
RoslynAnalysisRunner will not be running.
RoslynAnalysisRunner has terminated.
Mono: successfully reloaded assembly
- Completed reload, in  1.593 seconds
Platform modules already initialized, skipping
Registering precompiled user dll's ...
Registered in 0.006460 seconds.
Begin MonoManager ReloadAssembly
Native extension for WindowsStandalone target not found
Refreshing native plugins compatible for Editor in 90.43 ms, found 8 plugins.
Preloading 1 native plugins for Editor in 0.06 ms.
Invoked RoslynAnalysisRunner static constructor.
RoslynAnalysisRunner will not be running.
RoslynAnalysisRunner has terminated.
[XR] OculusXRPlugin: registering subsystems
[XR] Unable to register display lifecyle provider: [1]
[XR] Oculus Input lifecycle provider registered.
[XR] Unable to register input lifecyle provider: [1]
[XR] OVRP version 1.57.0
Mono: successfully reloaded assembly
- Completed reload, in  2.043 seconds
Platform modules already initialized, skipping
========================================================================
Worker process is ready to serve import requests
Shader 'Oculus/OVRMRCameraFrameLit': fallback shader 'Alpha-Diffuse' not found
Shader 'Universal Render Pipeline/Particles/Lit': fallback shader 'Universal Render Pipeline/Particles/SimpleLit' not found
Launched and connected shader compiler UnityShaderCompiler.exe after 0.06 seconds
Refreshing native plugins compatible for Editor in 1.30 ms, found 8 plugins.
Preloading 1 native plugins for Editor in 0.07 ms.
Unloading 4355 Unused Serialized files (Serialized files now loaded: 0)
System memory in use before: 220.8 MB.
System memory in use after: 221.1 MB.

Unloading 62 unused Assets to reduce memory usage. Loaded Objects now: 4792.
Total: 2.927500 ms (FindLiveObjects: 0.390900 ms CreateObjectMapping: 0.176700 ms MarkObjects: 2.232200 ms  DeleteObjects: 0.126600 ms)

========================================================================
Received Import Request.
  path: Assets/Textures/USC BoH/deprecated/6_verso_only.png
  artifactKey: Guid(d4b4b893477a46143b1e540a2bb00907) Importer(815301076,1909f56bfc062723c751e8b465ee728b)
Start importing Assets/Textures/USC BoH/deprecated/6_verso_only.png using Guid(d4b4b893477a46143b1e540a2bb00907) Importer(815301076,1909f56bfc062723c751e8b465ee728b)  -> (artifact id: 'ba8d55f20209f01228b37bc6c49e7f16') in 0.467497 seconds
  Import took 0.474255 seconds .

========================================================================
Received Import Request.
  Time since last request: 0.000217 seconds.
  path: Assets/Textures/USC BoH/deprecated/9r6v.png
  artifactKey: Guid(f2386a0a775267e488f17f71ba937ecd) Importer(815301076,1909f56bfc062723c751e8b465ee728b)
Start importing Assets/Textures/USC BoH/deprecated/9r6v.png using Guid(f2386a0a775267e488f17f71ba937ecd) Importer(815301076,1909f56bfc062723c751e8b465ee728b)  -> (artifact id: '28ada29ba1b15124de62103e4bf17b2c') in 0.341378 seconds
  Import took 0.347629 seconds .

========================================================================
Received Import Request.
  Time since last request: 0.000202 seconds.
  path: Assets/Textures/USC BoH/deprecated/8_revised.png
  artifactKey: Guid(5738b6d09744aa84981dc79c22dfda05) Importer(815301076,1909f56bfc062723c751e8b465ee728b)
Start importing Assets/Textures/USC BoH/deprecated/8_revised.png using Guid(5738b6d09744aa84981dc79c22dfda05) Importer(815301076,1909f56bfc062723c751e8b465ee728b)  -> (artifact id: 'af69af2997bff746116a61a1ebfe9807') in 0.346594 seconds
  Import took 0.358067 seconds .

========================================================================
Received Import Request.
  Time since last request: 0.808245 seconds.
  path: Assets/Textures/USC BoH/OpenFace.mat
  artifactKey: Guid(c54333457721c424e87c8e9335a2f5ea) Importer(815301076,1909f56bfc062723c751e8b465ee728b)
Start importing Assets/Textures/USC BoH/OpenFace.mat using Guid(c54333457721c424e87c8e9335a2f5ea) Importer(815301076,1909f56bfc062723c751e8b465ee728b)  -> (artifact id: '93659bf29cddfb8635e1ee37c297dd26') in 0.492224 seconds
  Import took 0.499223 seconds .

========================================================================
Received Import Request.
  Time since last request: 0.990970 seconds.
  path: Assets/Textures/USC BoH/deprecated
  artifactKey: Guid(e9315cb8c7666d14ab4fcff69deedf45) Importer(815301076,1909f56bfc062723c751e8b465ee728b)
Start importing Assets/Textures/USC BoH/deprecated using Guid(e9315cb8c7666d14ab4fcff69deedf45) Importer(815301076,1909f56bfc062723c751e8b465ee728b)  -> (artifact id: '81994d492b5785fad3fd95ea572e884a') in 0.004906 seconds
  Import took 0.011697 seconds .

========================================================================
Received Prepare
Registering precompiled user dll's ...
Registered in 0.006500 seconds.
Begin MonoManager ReloadAssembly
Native extension for WindowsStandalone target not found
Refreshing native plugins compatible for Editor in 1.31 ms, found 8 plugins.
Preloading 1 native plugins for Editor in 0.07 ms.
Invoked RoslynAnalysisRunner static constructor.
RoslynAnalysisRunner will not be running.
RoslynAnalysisRunner has terminated.
Mono: successfully reloaded assembly
- Completed reload, in  1.170 seconds
Platform modules already initialized, skipping
Switching build target platform(5) subTarget(0) extendedPlatform(0) -> platform(13) subTarget(524294) extendedPlatform(0)
Shader 'Oculus/OVRMRCameraFrameLit': fallback shader 'Alpha-Diffuse' not found
Shader 'Universal Render Pipeline/Particles/Lit': fallback shader 'Universal Render Pipeline/Particles/SimpleLit' not found
Refreshing native plugins compatible for Editor in 1.26 ms, found 8 plugins.
Preloading 1 native plugins for Editor in 0.06 ms.
Unloading 4119 Unused Serialized files (Serialized files now loaded: 0)
System memory in use before: 219.7 MB.
System memory in use after: 220.0 MB.

Unloading 57 unused Assets to reduce memory usage. Loaded Objects now: 4883.
Total: 4.183700 ms (FindLiveObjects: 0.875700 ms CreateObjectMapping: 0.495500 ms MarkObjects: 2.768700 ms  DeleteObjects: 0.042400 ms)

AssetImportParameters requested are different than current active one (requested -> active):
  custom:graphics/normal-map-encoding: 01000000000000000000000000000000 -> 02000000000000000000000000000000
AssetImportWorkerClient::OnTransportError - code=2 error=End of file
